11/04/2021 20:58:40 DEBUG logging.InternalLoggerFactory - Using Log4J as the default logging framework
11/04/2021 20:58:40 DEBUG util.ResourceLeakDetector - -Dio.netty.leakDetection.level: simple
11/04/2021 20:58:40 DEBUG util.ResourceLeakDetector - -Dio.netty.leakDetection.targetRecords: 4
11/04/2021 20:58:40 DEBUG util.ResourceLeakDetectorFactory - Loaded default ResourceLeakDetector: io.netty.util.ResourceLeakDetector@7d6ccad7
11/04/2021 20:58:40 DEBUG internal.PlatformDependent - Platform: Windows
11/04/2021 20:58:40 DEBUG internal.PlatformDependent0 - -Dio.netty.noUnsafe: false
11/04/2021 20:58:40 DEBUG internal.PlatformDependent0 - Java version: 11
11/04/2021 20:58:40 DEBUG internal.PlatformDependent0 - sun.misc.Unsafe.theUnsafe: available
11/04/2021 20:58:40 DEBUG internal.PlatformDependent0 - sun.misc.Unsafe.copyMemory: available
11/04/2021 20:58:40 DEBUG internal.PlatformDependent0 - java.nio.Buffer.address: available
11/04/2021 20:58:40 DEBUG internal.PlatformDependent0 - direct buffer constructor: unavailable
java.lang.UnsupportedOperationException: Reflective setAccessible(true) disabled
	at io.netty.util.internal.ReflectionUtil.trySetAccessible(ReflectionUtil.java:31)
	at io.netty.util.internal.PlatformDependent0$4.run(PlatformDependent0.java:238)
	at java.base/java.security.AccessController.doPrivileged(Native Method)
	at io.netty.util.internal.PlatformDependent0.<clinit>(PlatformDependent0.java:232)
	at io.netty.util.internal.PlatformDependent.isAndroid(PlatformDependent.java:293)
	at io.netty.util.internal.PlatformDependent.<clinit>(PlatformDependent.java:92)
	at io.netty.util.HashedWheelTimer.<init>(HashedWheelTimer.java:109)
	at io.netty.util.HashedWheelTimer.<init>(HashedWheelTimer.java:218)
	at io.netty.util.HashedWheelTimer.<init>(HashedWheelTimer.java:197)
	at org.asynchttpclient.DefaultAsyncHttpClient.newNettyTimer(DefaultAsyncHttpClient.java:111)
	at org.asynchttpclient.DefaultAsyncHttpClient.<init>(DefaultAsyncHttpClient.java:90)
	at org.asynchttpclient.Dsl.asyncHttpClient(Dsl.java:32)
	at org.openqa.selenium.remote.http.netty.NettyClient.createHttpClient(NettyClient.java:98)
	at org.openqa.selenium.remote.http.netty.NettyClient.<clinit>(NettyClient.java:51)
	at org.openqa.selenium.remote.http.netty.NettyClient$Factory.createClient(NettyClient.java:147)
	at org.openqa.selenium.remote.HttpCommandExecutor.<init>(HttpCommandExecutor.java:110)
	at org.openqa.selenium.remote.HttpCommandExecutor.<init>(HttpCommandExecutor.java:96)
	at org.openqa.selenium.remote.HttpCommandExecutor.<init>(HttpCommandExecutor.java:86)
	at org.openqa.selenium.remote.service.DriverCommandExecutor.<init>(DriverCommandExecutor.java:68)
	at org.openqa.selenium.chromium.ChromiumDriverCommandExecutor.<init>(ChromiumDriverCommandExecutor.java:78)
	at org.openqa.selenium.chrome.ChromeDriver.<init>(ChromeDriver.java:99)
	at org.openqa.selenium.chrome.ChromeDriver.<init>(ChromeDriver.java:86)
	at org.openqa.selenium.chrome.ChromeDriver.<init>(ChromeDriver.java:75)
	at Utilities.SeleniumDriver.setup(SeleniumDriver.java:42)
	at Utilities.Listener.onTestStart(Listener.java:59)
	at org.testng.internal.TestListenerHelper.runTestListeners(TestListenerHelper.java:73)
	at org.testng.internal.Invoker.runTestListeners(Invoker.java:1389)
	at org.testng.internal.Invoker.invokeMethod(Invoker.java:559)
	at org.testng.internal.Invoker.invokeTestMethod(Invoker.java:719)
	at org.testng.internal.Invoker.invokeTestMethods(Invoker.java:989)
	at org.testng.internal.TestMethodWorker.invokeTestMethods(TestMethodWorker.java:125)
	at org.testng.internal.TestMethodWorker.run(TestMethodWorker.java:109)
	at org.testng.TestRunner.privateRun(TestRunner.java:648)
	at org.testng.TestRunner.run(TestRunner.java:505)
	at org.testng.SuiteRunner.runTest(SuiteRunner.java:455)
	at org.testng.SuiteRunner.runSequentially(SuiteRunner.java:450)
	at org.testng.SuiteRunner.privateRun(SuiteRunner.java:415)
	at org.testng.SuiteRunner.run(SuiteRunner.java:364)
	at org.testng.SuiteRunnerWorker.runSuite(SuiteRunnerWorker.java:52)
	at org.testng.SuiteRunnerWorker.run(SuiteRunnerWorker.java:84)
	at org.testng.TestNG.runSuitesSequentially(TestNG.java:1208)
	at org.testng.TestNG.runSuitesLocally(TestNG.java:1137)
	at org.testng.TestNG.runSuites(TestNG.java:1049)
	at org.testng.TestNG.run(TestNG.java:1017)
	at org.apache.maven.surefire.testng.TestNGExecutor.run(TestNGExecutor.java:283)
	at org.apache.maven.surefire.testng.TestNGXmlTestSuite.execute(TestNGXmlTestSuite.java:75)
	at org.apache.maven.surefire.testng.TestNGProvider.invoke(TestNGProvider.java:120)
	at org.apache.maven.surefire.booter.ForkedBooter.invokeProviderInSameClassLoader(ForkedBooter.java:384)
	at org.apache.maven.surefire.booter.ForkedBooter.runSuitesInProcess(ForkedBooter.java:345)
	at org.apache.maven.surefire.booter.ForkedBooter.execute(ForkedBooter.java:126)
	at org.apache.maven.surefire.booter.ForkedBooter.main(ForkedBooter.java:418)
11/04/2021 20:58:40 DEBUG internal.PlatformDependent0 - java.nio.Bits.unaligned: available, true
11/04/2021 20:58:40 DEBUG internal.PlatformDependent0 - jdk.internal.misc.Unsafe.allocateUninitializedArray(int): unavailable
java.lang.IllegalAccessException: class io.netty.util.internal.PlatformDependent0$6 cannot access class jdk.internal.misc.Unsafe (in module java.base) because module java.base does not export jdk.internal.misc to unnamed module @13a5fe33
	at java.base/jdk.internal.reflect.Reflection.newIllegalAccessException(Reflection.java:361)
	at java.base/java.lang.reflect.AccessibleObject.checkAccess(AccessibleObject.java:591)
	at java.base/java.lang.reflect.Method.invoke(Method.java:558)
	at io.netty.util.internal.PlatformDependent0$6.run(PlatformDependent0.java:352)
	at java.base/java.security.AccessController.doPrivileged(Native Method)
	at io.netty.util.internal.PlatformDependent0.<clinit>(PlatformDependent0.java:343)
	at io.netty.util.internal.PlatformDependent.isAndroid(PlatformDependent.java:293)
	at io.netty.util.internal.PlatformDependent.<clinit>(PlatformDependent.java:92)
	at io.netty.util.HashedWheelTimer.<init>(HashedWheelTimer.java:109)
	at io.netty.util.HashedWheelTimer.<init>(HashedWheelTimer.java:218)
	at io.netty.util.HashedWheelTimer.<init>(HashedWheelTimer.java:197)
	at org.asynchttpclient.DefaultAsyncHttpClient.newNettyTimer(DefaultAsyncHttpClient.java:111)
	at org.asynchttpclient.DefaultAsyncHttpClient.<init>(DefaultAsyncHttpClient.java:90)
	at org.asynchttpclient.Dsl.asyncHttpClient(Dsl.java:32)
	at org.openqa.selenium.remote.http.netty.NettyClient.createHttpClient(NettyClient.java:98)
	at org.openqa.selenium.remote.http.netty.NettyClient.<clinit>(NettyClient.java:51)
	at org.openqa.selenium.remote.http.netty.NettyClient$Factory.createClient(NettyClient.java:147)
	at org.openqa.selenium.remote.HttpCommandExecutor.<init>(HttpCommandExecutor.java:110)
	at org.openqa.selenium.remote.HttpCommandExecutor.<init>(HttpCommandExecutor.java:96)
	at org.openqa.selenium.remote.HttpCommandExecutor.<init>(HttpCommandExecutor.java:86)
	at org.openqa.selenium.remote.service.DriverCommandExecutor.<init>(DriverCommandExecutor.java:68)
	at org.openqa.selenium.chromium.ChromiumDriverCommandExecutor.<init>(ChromiumDriverCommandExecutor.java:78)
	at org.openqa.selenium.chrome.ChromeDriver.<init>(ChromeDriver.java:99)
	at org.openqa.selenium.chrome.ChromeDriver.<init>(ChromeDriver.java:86)
	at org.openqa.selenium.chrome.ChromeDriver.<init>(ChromeDriver.java:75)
	at Utilities.SeleniumDriver.setup(SeleniumDriver.java:42)
	at Utilities.Listener.onTestStart(Listener.java:59)
	at org.testng.internal.TestListenerHelper.runTestListeners(TestListenerHelper.java:73)
	at org.testng.internal.Invoker.runTestListeners(Invoker.java:1389)
	at org.testng.internal.Invoker.invokeMethod(Invoker.java:559)
	at org.testng.internal.Invoker.invokeTestMethod(Invoker.java:719)
	at org.testng.internal.Invoker.invokeTestMethods(Invoker.java:989)
	at org.testng.internal.TestMethodWorker.invokeTestMethods(TestMethodWorker.java:125)
	at org.testng.internal.TestMethodWorker.run(TestMethodWorker.java:109)
	at org.testng.TestRunner.privateRun(TestRunner.java:648)
	at org.testng.TestRunner.run(TestRunner.java:505)
	at org.testng.SuiteRunner.runTest(SuiteRunner.java:455)
	at org.testng.SuiteRunner.runSequentially(SuiteRunner.java:450)
	at org.testng.SuiteRunner.privateRun(SuiteRunner.java:415)
	at org.testng.SuiteRunner.run(SuiteRunner.java:364)
	at org.testng.SuiteRunnerWorker.runSuite(SuiteRunnerWorker.java:52)
	at org.testng.SuiteRunnerWorker.run(SuiteRunnerWorker.java:84)
	at org.testng.TestNG.runSuitesSequentially(TestNG.java:1208)
	at org.testng.TestNG.runSuitesLocally(TestNG.java:1137)
	at org.testng.TestNG.runSuites(TestNG.java:1049)
	at org.testng.TestNG.run(TestNG.java:1017)
	at org.apache.maven.surefire.testng.TestNGExecutor.run(TestNGExecutor.java:283)
	at org.apache.maven.surefire.testng.TestNGXmlTestSuite.execute(TestNGXmlTestSuite.java:75)
	at org.apache.maven.surefire.testng.TestNGProvider.invoke(TestNGProvider.java:120)
	at org.apache.maven.surefire.booter.ForkedBooter.invokeProviderInSameClassLoader(ForkedBooter.java:384)
	at org.apache.maven.surefire.booter.ForkedBooter.runSuitesInProcess(ForkedBooter.java:345)
	at org.apache.maven.surefire.booter.ForkedBooter.execute(ForkedBooter.java:126)
	at org.apache.maven.surefire.booter.ForkedBooter.main(ForkedBooter.java:418)
11/04/2021 20:58:40 DEBUG internal.PlatformDependent0 - java.nio.DirectByteBuffer.<init>(long, int): unavailable
11/04/2021 20:58:40 DEBUG internal.PlatformDependent - sun.misc.Unsafe: available
11/04/2021 20:58:40 DEBUG internal.PlatformDependent - maxDirectMemory: 6423576576 bytes (maybe)
11/04/2021 20:58:40 DEBUG internal.PlatformDependent - -Dio.netty.tmpdir: C:\Users\sihle\AppData\Local\Temp (java.io.tmpdir)
11/04/2021 20:58:40 DEBUG internal.PlatformDependent - -Dio.netty.bitMode: 64 (sun.arch.data.model)
11/04/2021 20:58:40 DEBUG internal.PlatformDependent - -Dio.netty.maxDirectMemory: -1 bytes
11/04/2021 20:58:40 DEBUG internal.PlatformDependent - -Dio.netty.uninitializedArrayAllocationThreshold: -1
11/04/2021 20:58:40 DEBUG internal.CleanerJava9 - java.nio.ByteBuffer.cleaner(): available
11/04/2021 20:58:40 DEBUG internal.PlatformDependent - -Dio.netty.noPreferDirect: false
11/04/2021 20:58:40 DEBUG internal.PlatformDependent - org.jctools-core.MpscChunkedArrayQueue: available
11/04/2021 20:58:40 DEBUG internal.InternalThreadLocalMap - -Dio.netty.threadLocalMap.stringBuilder.initialSize: 1024
11/04/2021 20:58:40 DEBUG internal.InternalThreadLocalMap - -Dio.netty.threadLocalMap.stringBuilder.maxSize: 4096
11/04/2021 20:58:40 DEBUG ssl.JdkSslContext - Default protocols (JDK): [TLSv1.3, TLSv1.2, TLSv1.1, TLSv1] 
11/04/2021 20:58:40 DEBUG ssl.JdkSslContext - Default cipher suites (JDK): [TLS_ECDHE_ECDSA_WITH_AES_256_GCM_SHA384, TLS_ECDHE_ECDSA_WITH_AES_128_GCM_SHA256, TLS_ECDHE_RSA_WITH_AES_128_GCM_SHA256, TLS_ECDHE_RSA_WITH_AES_256_GCM_SHA384, TLS_ECDHE_RSA_WITH_AES_128_CBC_SHA, TLS_ECDHE_RSA_WITH_AES_256_CBC_SHA, TLS_RSA_WITH_AES_128_GCM_SHA256, TLS_RSA_WITH_AES_128_CBC_SHA, TLS_RSA_WITH_AES_256_CBC_SHA, TLS_AES_128_GCM_SHA256, TLS_AES_256_GCM_SHA384]
11/04/2021 20:58:41 DEBUG channel.MultithreadEventLoopGroup - -Dio.netty.eventLoopThreads: 16
11/04/2021 20:58:41 DEBUG nio.NioEventLoop - -Dio.netty.noKeySetOptimization: false
11/04/2021 20:58:41 DEBUG nio.NioEventLoop - -Dio.netty.selectorAutoRebuildThreshold: 512
11/04/2021 20:58:41 DEBUG buffer.PooledByteBufAllocator - -Dio.netty.allocator.numHeapArenas: 16
11/04/2021 20:58:41 DEBUG buffer.PooledByteBufAllocator - -Dio.netty.allocator.numDirectArenas: 16
11/04/2021 20:58:41 DEBUG buffer.PooledByteBufAllocator - -Dio.netty.allocator.pageSize: 8192
11/04/2021 20:58:41 DEBUG buffer.PooledByteBufAllocator - -Dio.netty.allocator.maxOrder: 11
11/04/2021 20:58:41 DEBUG buffer.PooledByteBufAllocator - -Dio.netty.allocator.chunkSize: 16777216
11/04/2021 20:58:41 DEBUG buffer.PooledByteBufAllocator - -Dio.netty.allocator.smallCacheSize: 256
11/04/2021 20:58:41 DEBUG buffer.PooledByteBufAllocator - -Dio.netty.allocator.normalCacheSize: 64
11/04/2021 20:58:41 DEBUG buffer.PooledByteBufAllocator - -Dio.netty.allocator.maxCachedBufferCapacity: 32768
11/04/2021 20:58:41 DEBUG buffer.PooledByteBufAllocator - -Dio.netty.allocator.cacheTrimInterval: 8192
11/04/2021 20:58:41 DEBUG buffer.PooledByteBufAllocator - -Dio.netty.allocator.cacheTrimIntervalMillis: 0
11/04/2021 20:58:41 DEBUG buffer.PooledByteBufAllocator - -Dio.netty.allocator.useCacheForAllThreads: true
11/04/2021 20:58:41 DEBUG buffer.PooledByteBufAllocator - -Dio.netty.allocator.maxCachedByteBuffersPerChunk: 1023
11/04/2021 20:58:41 DEBUG buffer.ByteBufUtil - -Dio.netty.allocator.type: pooled
11/04/2021 20:58:41 DEBUG buffer.ByteBufUtil - -Dio.netty.threadLocalDirectBufferSize: 0
11/04/2021 20:58:41 DEBUG buffer.ByteBufUtil - -Dio.netty.maxThreadLocalCharBufferSize: 16384
11/04/2021 20:58:42 DEBUG channel.DefaultChannelId - -Dio.netty.processId: 21868 (auto-detected)
11/04/2021 20:58:42 DEBUG util.NetUtil - -Djava.net.preferIPv4Stack: false
11/04/2021 20:58:42 DEBUG util.NetUtil - -Djava.net.preferIPv6Addresses: false
11/04/2021 20:58:43 DEBUG util.NetUtilInitializations - Loopback interface: lo (Software Loopback Interface 1, 127.0.0.1)
11/04/2021 20:58:43 DEBUG util.NetUtil - Failed to get SOMAXCONN from sysctl and file \proc\sys\net\core\somaxconn. Default: 200
11/04/2021 20:58:43 DEBUG channel.DefaultChannelId - -Dio.netty.machineId: 50:3e:aa:ff:fe:ad:9b:80 (auto-detected)
11/04/2021 20:58:44 DEBUG buffer.AbstractByteBuf - -Dio.netty.buffer.checkAccessible: true
11/04/2021 20:58:44 DEBUG buffer.AbstractByteBuf - -Dio.netty.buffer.checkBounds: true
11/04/2021 20:58:44 DEBUG util.ResourceLeakDetectorFactory - Loaded default ResourceLeakDetector: io.netty.util.ResourceLeakDetector@2954b19b
11/04/2021 20:58:44 DEBUG util.Recycler - -Dio.netty.recycler.maxCapacityPerThread: 4096
11/04/2021 20:58:44 DEBUG util.Recycler - -Dio.netty.recycler.maxSharedCapacityFactor: 2
11/04/2021 20:58:44 DEBUG util.Recycler - -Dio.netty.recycler.linkCapacity: 16
11/04/2021 20:58:44 DEBUG util.Recycler - -Dio.netty.recycler.ratio: 8
11/04/2021 20:58:44 DEBUG util.Recycler - -Dio.netty.recycler.delayedQueue.ratio: 8
11/04/2021 20:58:45 DEBUG internal.ThreadLocalRandom - -Dio.netty.initialSeedUniquifier: 0xbce97dc6f956ca2b
11/04/2021 20:58:52 DEBUG testing.Base - This is a debug log
11/04/2021 20:58:52 INFO  testing.Base - This is a info log
11/04/2021 20:58:52 ERROR testing.Base - This is a error log
11/04/2021 20:58:52 INFO  testing.Base - Test Success
11/04/2021 20:58:52 DEBUG testing.Base - Test Passed
11/04/2021 20:58:52 INFO  testing.Base - closed the driver
11/04/2021 20:58:52 DEBUG freemarker.cache - Couldn't find template in cache for "index.ftl"("en_US", UTF-8, parsed); will try to load it.
11/04/2021 20:58:52 DEBUG freemarker.cache - TemplateLoader.findTemplateSource("index_en_US.ftl"): Not found
11/04/2021 20:58:52 DEBUG freemarker.cache - TemplateLoader.findTemplateSource("index_en.ftl"): Not found
11/04/2021 20:58:52 DEBUG freemarker.cache - TemplateLoader.findTemplateSource("index.ftl"): Found
11/04/2021 20:58:52 DEBUG freemarker.cache - Loading template for "index.ftl"("en_US", UTF-8, parsed) from "jar:file:/C:/Users/sihle/.m2/repository/com/aventstack/extentreports/3.0.2/extentreports-3.0.2.jar!/com/aventstack/extentreports/view/html-report/index.ftl"
11/04/2021 20:58:53 DEBUG freemarker.cache - Couldn't find template in cache for "head.ftl"("en_US", UTF-8, parsed); will try to load it.
11/04/2021 20:58:53 DEBUG freemarker.cache - TemplateLoader.findTemplateSource("head_en_US.ftl"): Not found
11/04/2021 20:58:53 DEBUG freemarker.cache - TemplateLoader.findTemplateSource("head_en.ftl"): Not found
11/04/2021 20:58:53 DEBUG freemarker.cache - TemplateLoader.findTemplateSource("head.ftl"): Found
11/04/2021 20:58:53 DEBUG freemarker.cache - Loading template for "head.ftl"("en_US", UTF-8, parsed) from "jar:file:/C:/Users/sihle/.m2/repository/com/aventstack/extentreports/3.0.2/extentreports-3.0.2.jar!/com/aventstack/extentreports/view/html-report/head.ftl"
11/04/2021 20:58:53 DEBUG freemarker.cache - Couldn't find template in cache for "nav.ftl"("en_US", UTF-8, parsed); will try to load it.
11/04/2021 20:58:53 DEBUG freemarker.cache - TemplateLoader.findTemplateSource("nav_en_US.ftl"): Not found
11/04/2021 20:58:53 DEBUG freemarker.cache - TemplateLoader.findTemplateSource("nav_en.ftl"): Not found
11/04/2021 20:58:53 DEBUG freemarker.cache - TemplateLoader.findTemplateSource("nav.ftl"): Found
11/04/2021 20:58:53 DEBUG freemarker.cache - Loading template for "nav.ftl"("en_US", UTF-8, parsed) from "jar:file:/C:/Users/sihle/.m2/repository/com/aventstack/extentreports/3.0.2/extentreports-3.0.2.jar!/com/aventstack/extentreports/view/html-report/nav.ftl"
11/04/2021 20:58:53 DEBUG freemarker.cache - Couldn't find template in cache for "test-view/test-view.ftl"("en_US", UTF-8, parsed); will try to load it.
11/04/2021 20:58:53 DEBUG freemarker.cache - TemplateLoader.findTemplateSource("test-view/test-view_en_US.ftl"): Not found
11/04/2021 20:58:53 DEBUG freemarker.cache - TemplateLoader.findTemplateSource("test-view/test-view_en.ftl"): Not found
11/04/2021 20:58:53 DEBUG freemarker.cache - TemplateLoader.findTemplateSource("test-view/test-view.ftl"): Found
11/04/2021 20:58:53 DEBUG freemarker.cache - Loading template for "test-view/test-view.ftl"("en_US", UTF-8, parsed) from "jar:file:/C:/Users/sihle/.m2/repository/com/aventstack/extentreports/3.0.2/extentreports-3.0.2.jar!/com/aventstack/extentreports/view/html-report/test-view/test-view.ftl"
11/04/2021 20:58:53 DEBUG freemarker.cache - Couldn't find template in cache for "test-view/test-view-charts.ftl"("en_US", UTF-8, parsed); will try to load it.
11/04/2021 20:58:53 DEBUG freemarker.cache - TemplateLoader.findTemplateSource("test-view/test-view-charts_en_US.ftl"): Not found
11/04/2021 20:58:53 DEBUG freemarker.cache - TemplateLoader.findTemplateSource("test-view/test-view-charts_en.ftl"): Not found
11/04/2021 20:58:53 DEBUG freemarker.cache - TemplateLoader.findTemplateSource("test-view/test-view-charts.ftl"): Found
11/04/2021 20:58:53 DEBUG freemarker.cache - Loading template for "test-view/test-view-charts.ftl"("en_US", UTF-8, parsed) from "jar:file:/C:/Users/sihle/.m2/repository/com/aventstack/extentreports/3.0.2/extentreports-3.0.2.jar!/com/aventstack/extentreports/view/html-report/test-view/test-view-charts.ftl"
11/04/2021 20:58:53 DEBUG freemarker.cache - Couldn't find template in cache for "test-view/standard.ftl"("en_US", UTF-8, parsed); will try to load it.
11/04/2021 20:58:53 DEBUG freemarker.cache - TemplateLoader.findTemplateSource("test-view/standard_en_US.ftl"): Not found
11/04/2021 20:58:53 DEBUG freemarker.cache - TemplateLoader.findTemplateSource("test-view/standard_en.ftl"): Not found
11/04/2021 20:58:53 DEBUG freemarker.cache - TemplateLoader.findTemplateSource("test-view/standard.ftl"): Found
11/04/2021 20:58:53 DEBUG freemarker.cache - Loading template for "test-view/standard.ftl"("en_US", UTF-8, parsed) from "jar:file:/C:/Users/sihle/.m2/repository/com/aventstack/extentreports/3.0.2/extentreports-3.0.2.jar!/com/aventstack/extentreports/view/html-report/test-view/standard.ftl"
11/04/2021 20:58:53 DEBUG freemarker.cache - Couldn't find template in cache for "category-view/category-view.ftl"("en_US", UTF-8, parsed); will try to load it.
11/04/2021 20:58:53 DEBUG freemarker.cache - TemplateLoader.findTemplateSource("category-view/category-view_en_US.ftl"): Not found
11/04/2021 20:58:53 DEBUG freemarker.cache - TemplateLoader.findTemplateSource("category-view/category-view_en.ftl"): Not found
11/04/2021 20:58:53 DEBUG freemarker.cache - TemplateLoader.findTemplateSource("category-view/category-view.ftl"): Found
11/04/2021 20:58:53 DEBUG freemarker.cache - Loading template for "category-view/category-view.ftl"("en_US", UTF-8, parsed) from "jar:file:/C:/Users/sihle/.m2/repository/com/aventstack/extentreports/3.0.2/extentreports-3.0.2.jar!/com/aventstack/extentreports/view/html-report/category-view/category-view.ftl"
11/04/2021 20:58:53 DEBUG freemarker.cache - Couldn't find template in cache for "exception-view/exception-view.ftl"("en_US", UTF-8, parsed); will try to load it.
11/04/2021 20:58:53 DEBUG freemarker.cache - TemplateLoader.findTemplateSource("exception-view/exception-view_en_US.ftl"): Not found
11/04/2021 20:58:53 DEBUG freemarker.cache - TemplateLoader.findTemplateSource("exception-view/exception-view_en.ftl"): Not found
11/04/2021 20:58:53 DEBUG freemarker.cache - TemplateLoader.findTemplateSource("exception-view/exception-view.ftl"): Found
11/04/2021 20:58:53 DEBUG freemarker.cache - Loading template for "exception-view/exception-view.ftl"("en_US", UTF-8, parsed) from "jar:file:/C:/Users/sihle/.m2/repository/com/aventstack/extentreports/3.0.2/extentreports-3.0.2.jar!/com/aventstack/extentreports/view/html-report/exception-view/exception-view.ftl"
11/04/2021 20:58:53 DEBUG freemarker.cache - Couldn't find template in cache for "dashboard-view/dashboard-view.ftl"("en_US", UTF-8, parsed); will try to load it.
11/04/2021 20:58:53 DEBUG freemarker.cache - TemplateLoader.findTemplateSource("dashboard-view/dashboard-view_en_US.ftl"): Not found
11/04/2021 20:58:53 DEBUG freemarker.cache - TemplateLoader.findTemplateSource("dashboard-view/dashboard-view_en.ftl"): Not found
11/04/2021 20:58:53 DEBUG freemarker.cache - TemplateLoader.findTemplateSource("dashboard-view/dashboard-view.ftl"): Found
11/04/2021 20:58:53 DEBUG freemarker.cache - Loading template for "dashboard-view/dashboard-view.ftl"("en_US", UTF-8, parsed) from "jar:file:/C:/Users/sihle/.m2/repository/com/aventstack/extentreports/3.0.2/extentreports-3.0.2.jar!/com/aventstack/extentreports/view/html-report/dashboard-view/dashboard-view.ftl"
11/04/2021 20:58:53 DEBUG freemarker.cache - Couldn't find template in cache for "logs-view/testrunner-logs-view.ftl"("en_US", UTF-8, parsed); will try to load it.
11/04/2021 20:58:53 DEBUG freemarker.cache - TemplateLoader.findTemplateSource("logs-view/testrunner-logs-view_en_US.ftl"): Not found
11/04/2021 20:58:53 DEBUG freemarker.cache - TemplateLoader.findTemplateSource("logs-view/testrunner-logs-view_en.ftl"): Not found
11/04/2021 20:58:53 DEBUG freemarker.cache - TemplateLoader.findTemplateSource("logs-view/testrunner-logs-view.ftl"): Found
11/04/2021 20:58:53 DEBUG freemarker.cache - Loading template for "logs-view/testrunner-logs-view.ftl"("en_US", UTF-8, parsed) from "jar:file:/C:/Users/sihle/.m2/repository/com/aventstack/extentreports/3.0.2/extentreports-3.0.2.jar!/com/aventstack/extentreports/view/html-report/logs-view/testrunner-logs-view.ftl"
